# JRE version: Java(TM) SE Runtime Environment (14.0.1+7) (build 14.0.1+7)
# Java VM: Java HotSpot(TM) 64-Bit Server VM (14.0.1+7, mixed mode, sharing, tiered, compressed oops, g1 gc, windows-amd64)
Heap:
 garbage-first heap   total 163840K, used 59566K [0x0000000601000000, 0x0000000800000000)
  region size 2048K, 11 young (22528K), 2 survivors (4096K)
 Metaspace       used 24262K, capacity 24630K, committed 25008K, reserved 1071104K
  class space    used 2345K, capacity 2489K, committed 2560K, reserved 1048576K
GC Heap History (6 events):
Event: 0.821 GC heap before
{Heap before GC invocations=0 (full 0):
 garbage-first heap   total 524288K, used 38912K [0x0000000601000000, 0x0000000800000000)
  region size 2048K, 12 young (24576K), 0 survivors (0K)
 Metaspace       used 8472K, capacity 8716K, committed 8832K, reserved 1056768K
  class space    used 988K, capacity 1082K, committed 1152K, reserved 1048576K
}
Event: 0.826 GC heap after
{Heap after GC invocations=1 (full 0):
 garbage-first heap   total 524288K, used 19179K [0x0000000601000000, 0x0000000800000000)
  region size 2048K, 2 young (4096K), 2 survivors (4096K)
 Metaspace       used 8472K, capacity 8716K, committed 8832K, reserved 1056768K
  class space    used 988K, capacity 1082K, committed 1152K, reserved 1048576K
}
Event: 6.541 GC heap before
{Heap before GC invocations=1 (full 0):
 garbage-first heap   total 524288K, used 70379K [0x0000000601000000, 0x0000000800000000)
  region size 2048K, 17 young (34816K), 2 survivors (4096K)
 Metaspace       used 17395K, capacity 17728K, committed 17920K, reserved 1064960K
  class space    used 2008K, capacity 2162K, committed 2304K, reserved 1048576K
}
Event: 6.545 GC heap after
{Heap after GC invocations=2 (full 0):
 garbage-first heap   total 524288K, used 46112K [0x0000000601000000, 0x0000000800000000)
  region size 2048K, 3 young (6144K), 3 survivors (6144K)
 Metaspace       used 17395K, capacity 17728K, committed 17920K, reserved 1064960K
  class space    used 2008K, capacity 2162K, committed 2304K, reserved 1048576K
}
Event: 6.939 GC heap before
{Heap before GC invocations=2 (full 0):
 garbage-first heap   total 524288K, used 58400K [0x0000000601000000, 0x0000000800000000)
  region size 2048K, 11 young (22528K), 3 survivors (6144K)
 Metaspace       used 20700K, capacity 21046K, committed 21296K, reserved 1069056K
  class space    used 2157K, capacity 2316K, committed 2432K, reserved 1048576K
}
Event: 6.942 GC heap after
{Heap after GC invocations=3 (full 0):
 garbage-first heap   total 524288K, used 45230K [0x0000000601000000, 0x0000000800000000)
  region size 2048K, 2 young (4096K), 2 survivors (4096K)
 Metaspace       used 20700K, capacity 21046K, committed 21296K, reserved 1069056K
  class space    used 2157K, capacity 2316K, committed 2432K, reserved 1048576K
}

