# JRE version: Java(TM) SE Runtime Environment (14.0.1+7) (build 14.0.1+7)
# Java VM: Java HotSpot(TM) 64-Bit Server VM (14.0.1+7, mixed mode, sharing, tiered, compressed oops, g1 gc, windows-amd64)
Heap:
 garbage-first heap   total 102400K, used 57129K [0x0000000601000000, 0x0000000800000000)
  region size 2048K, 15 young (30720K), 3 survivors (6144K)
 Metaspace       used 24631K, capacity 24984K, committed 25088K, reserved 1071104K
  class space    used 2372K, capacity 2522K, committed 2560K, reserved 1048576K
GC Heap History (6 events):
Event: 1.227 GC heap before
{Heap before GC invocations=0 (full 0):
 garbage-first heap   total 524288K, used 38912K [0x0000000601000000, 0x0000000800000000)
  region size 2048K, 13 young (26624K), 0 survivors (0K)
 Metaspace       used 8668K, capacity 8936K, committed 9088K, reserved 1056768K
  class space    used 1004K, capacity 1114K, committed 1152K, reserved 1048576K
}
Event: 1.231 GC heap after
{Heap after GC invocations=1 (full 0):
 garbage-first heap   total 524288K, used 19475K [0x0000000601000000, 0x0000000800000000)
  region size 2048K, 2 young (4096K), 2 survivors (4096K)
 Metaspace       used 8668K, capacity 8936K, committed 9088K, reserved 1056768K
  class space    used 1004K, capacity 1114K, committed 1152K, reserved 1048576K
}
Event: 2.365 GC heap before
{Heap before GC invocations=1 (full 0):
 garbage-first heap   total 524288K, used 48147K [0x0000000601000000, 0x0000000800000000)
  region size 2048K, 17 young (34816K), 2 survivors (4096K)
 Metaspace       used 16150K, capacity 16400K, committed 16640K, reserved 1064960K
  class space    used 1407K, capacity 1517K, committed 1536K, reserved 1048576K
}
Event: 2.368 GC heap after
{Heap after GC invocations=2 (full 0):
 garbage-first heap   total 524288K, used 20981K [0x0000000601000000, 0x0000000800000000)
  region size 2048K, 1 young (2048K), 1 survivors (2048K)
 Metaspace       used 16150K, capacity 16400K, committed 16640K, reserved 1064960K
  class space    used 1407K, capacity 1517K, committed 1536K, reserved 1048576K
}
Event: 5.478 GC heap before
{Heap before GC invocations=2 (full 0):
 garbage-first heap   total 524288K, used 39413K [0x0000000601000000, 0x0000000800000000)
  region size 2048K, 11 young (22528K), 1 survivors (2048K)
 Metaspace       used 20799K, capacity 21083K, committed 21248K, reserved 1069056K
  class space    used 2047K, capacity 2180K, committed 2304K, reserved 1048576K
}
Event: 5.480 GC heap after
{Heap after GC invocations=3 (full 0):
 garbage-first heap   total 524288K, used 24361K [0x0000000601000000, 0x0000000800000000)
  region size 2048K, 3 young (6144K), 3 survivors (6144K)
 Metaspace       used 20799K, capacity 21083K, committed 21248K, reserved 1069056K
  class space    used 2047K, capacity 2180K, committed 2304K, reserved 1048576K
}

