# JRE version: Java(TM) SE Runtime Environment (14.0.1+7) (build 14.0.1+7)
# Java VM: Java HotSpot(TM) 64-Bit Server VM (14.0.1+7, mixed mode, sharing, tiered, compressed oops, g1 gc, windows-amd64)
Heap:
 garbage-first heap   total 163840K, used 61848K [0x0000000601000000, 0x0000000800000000)
  region size 2048K, 11 young (22528K), 2 survivors (4096K)
 Metaspace       used 24329K, capacity 24683K, committed 25008K, reserved 1071104K
  class space    used 2345K, capacity 2489K, committed 2560K, reserved 1048576K
GC Heap History (6 events):
Event: 1.177 GC heap before
{Heap before GC invocations=0 (full 0):
 garbage-first heap   total 524288K, used 38912K [0x0000000601000000, 0x0000000800000000)
  region size 2048K, 12 young (24576K), 0 survivors (0K)
 Metaspace       used 8559K, capacity 8800K, committed 9088K, reserved 1056768K
  class space    used 990K, capacity 1114K, committed 1152K, reserved 1048576K
}
Event: 1.181 GC heap after
{Heap after GC invocations=1 (full 0):
 garbage-first heap   total 524288K, used 19388K [0x0000000601000000, 0x0000000800000000)
  region size 2048K, 2 young (4096K), 2 survivors (4096K)
 Metaspace       used 8559K, capacity 8800K, committed 9088K, reserved 1056768K
  class space    used 990K, capacity 1114K, committed 1152K, reserved 1048576K
}
Event: 6.695 GC heap before
{Heap before GC invocations=1 (full 0):
 garbage-first heap   total 524288K, used 70588K [0x0000000601000000, 0x0000000800000000)
  region size 2048K, 17 young (34816K), 2 survivors (4096K)
 Metaspace       used 17209K, capacity 17453K, committed 17792K, reserved 1064960K
  class space    used 1991K, capacity 2095K, committed 2176K, reserved 1048576K
}
Event: 6.698 GC heap after
{Heap after GC invocations=2 (full 0):
 garbage-first heap   total 524288K, used 45823K [0x0000000601000000, 0x0000000800000000)
  region size 2048K, 2 young (4096K), 2 survivors (4096K)
 Metaspace       used 17209K, capacity 17453K, committed 17792K, reserved 1064960K
  class space    used 1991K, capacity 2095K, committed 2176K, reserved 1048576K
}
Event: 7.582 GC heap before
{Heap before GC invocations=2 (full 0):
 garbage-first heap   total 524288K, used 64255K [0x0000000601000000, 0x0000000800000000)
  region size 2048K, 12 young (24576K), 2 survivors (4096K)
 Metaspace       used 20707K, capacity 21035K, committed 21296K, reserved 1069056K
  class space    used 2154K, capacity 2316K, committed 2432K, reserved 1048576K
}
Event: 7.585 GC heap after
{Heap after GC invocations=3 (full 0):
 garbage-first heap   total 524288K, used 45464K [0x0000000601000000, 0x0000000800000000)
  region size 2048K, 2 young (4096K), 2 survivors (4096K)
 Metaspace       used 20707K, capacity 21035K, committed 21296K, reserved 1069056K
  class space    used 2154K, capacity 2316K, committed 2432K, reserved 1048576K
}

