# JRE version: Java(TM) SE Runtime Environment (14.0.1+7) (build 14.0.1+7)
# Java VM: Java HotSpot(TM) 64-Bit Server VM (14.0.1+7, mixed mode, sharing, tiered, compressed oops, g1 gc, windows-amd64)
Heap:
 garbage-first heap   total 178176K, used 66450K [0x0000000601000000, 0x0000000800000000)
  region size 2048K, 11 young (22528K), 2 survivors (4096K)
 Metaspace       used 24633K, capacity 24984K, committed 25340K, reserved 1073152K
  class space    used 2367K, capacity 2521K, committed 2560K, reserved 1048576K
GC Heap History (6 events):
Event: 0.765 GC heap before
{Heap before GC invocations=0 (full 0):
 garbage-first heap   total 524288K, used 38912K [0x0000000601000000, 0x0000000800000000)
  region size 2048K, 12 young (24576K), 0 survivors (0K)
 Metaspace       used 8423K, capacity 8652K, committed 8832K, reserved 1056768K
  class space    used 987K, capacity 1082K, committed 1152K, reserved 1048576K
}
Event: 0.769 GC heap after
{Heap after GC invocations=1 (full 0):
 garbage-first heap   total 524288K, used 19191K [0x0000000601000000, 0x0000000800000000)
  region size 2048K, 2 young (4096K), 2 survivors (4096K)
 Metaspace       used 8423K, capacity 8652K, committed 8832K, reserved 1056768K
  class space    used 987K, capacity 1082K, committed 1152K, reserved 1048576K
}
Event: 10.990 GC heap before
{Heap before GC invocations=1 (full 0):
 garbage-first heap   total 524288K, used 74487K [0x0000000601000000, 0x0000000800000000)
  region size 2048K, 17 young (34816K), 2 survivors (4096K)
 Metaspace       used 15854K, capacity 16134K, committed 16384K, reserved 1062912K
  class space    used 1875K, capacity 1993K, committed 2048K, reserved 1048576K
}
Event: 10.995 GC heap after
{Heap after GC invocations=2 (full 0):
 garbage-first heap   total 524288K, used 52278K [0x0000000601000000, 0x0000000800000000)
  region size 2048K, 3 young (6144K), 3 survivors (6144K)
 Metaspace       used 15854K, capacity 16134K, committed 16384K, reserved 1062912K
  class space    used 1875K, capacity 1993K, committed 2048K, reserved 1048576K
}
Event: 11.790 GC heap before
{Heap before GC invocations=2 (full 0):
 garbage-first heap   total 524288K, used 72758K [0x0000000601000000, 0x0000000800000000)
  region size 2048K, 14 young (28672K), 3 survivors (6144K)
 Metaspace       used 20770K, capacity 21143K, committed 21248K, reserved 1069056K
  class space    used 2152K, capacity 2284K, committed 2304K, reserved 1048576K
}
Event: 11.793 GC heap after
{Heap after GC invocations=3 (full 0):
 garbage-first heap   total 524288K, used 50066K [0x0000000601000000, 0x0000000800000000)
  region size 2048K, 2 young (4096K), 2 survivors (4096K)
 Metaspace       used 20770K, capacity 21143K, committed 21248K, reserved 1069056K
  class space    used 2152K, capacity 2284K, committed 2304K, reserved 1048576K
}

