# JRE version: Java(TM) SE Runtime Environment (14.0.1+7) (build 14.0.1+7)
# Java VM: Java HotSpot(TM) 64-Bit Server VM (14.0.1+7, mixed mode, sharing, tiered, compressed oops, g1 gc, windows-amd64)
Heap:
 garbage-first heap   total 163840K, used 61515K [0x0000000601000000, 0x0000000800000000)
  region size 2048K, 11 young (22528K), 2 survivors (4096K)
 Metaspace       used 24185K, capacity 24566K, committed 24752K, reserved 1071104K
  class space    used 2345K, capacity 2489K, committed 2560K, reserved 1048576K
GC Heap History (6 events):
Event: 0.799 GC heap before
{Heap before GC invocations=0 (full 0):
 garbage-first heap   total 524288K, used 38912K [0x0000000601000000, 0x0000000800000000)
  region size 2048K, 12 young (24576K), 0 survivors (0K)
 Metaspace       used 8476K, capacity 8716K, committed 8832K, reserved 1056768K
  class space    used 988K, capacity 1082K, committed 1152K, reserved 1048576K
}
Event: 0.804 GC heap after
{Heap after GC invocations=1 (full 0):
 garbage-first heap   total 524288K, used 19156K [0x0000000601000000, 0x0000000800000000)
  region size 2048K, 2 young (4096K), 2 survivors (4096K)
 Metaspace       used 8476K, capacity 8716K, committed 8832K, reserved 1056768K
  class space    used 988K, capacity 1082K, committed 1152K, reserved 1048576K
}
Event: 5.820 GC heap before
{Heap before GC invocations=1 (full 0):
 garbage-first heap   total 524288K, used 70356K [0x0000000601000000, 0x0000000800000000)
  region size 2048K, 17 young (34816K), 2 survivors (4096K)
 Metaspace       used 17536K, capacity 17888K, committed 18176K, reserved 1064960K
  class space    used 2034K, capacity 2194K, committed 2304K, reserved 1048576K
}
Event: 5.824 GC heap after
{Heap after GC invocations=2 (full 0):
 garbage-first heap   total 524288K, used 45852K [0x0000000601000000, 0x0000000800000000)
  region size 2048K, 2 young (4096K), 2 survivors (4096K)
 Metaspace       used 17536K, capacity 17888K, committed 18176K, reserved 1064960K
  class space    used 2034K, capacity 2194K, committed 2304K, reserved 1048576K
}
Event: 6.179 GC heap before
{Heap before GC invocations=2 (full 0):
 garbage-first heap   total 524288K, used 60188K [0x0000000601000000, 0x0000000800000000)
  region size 2048K, 10 young (20480K), 2 survivors (4096K)
 Metaspace       used 20700K, capacity 21046K, committed 21296K, reserved 1069056K
  class space    used 2159K, capacity 2316K, committed 2432K, reserved 1048576K
}
Event: 6.182 GC heap after
{Heap after GC invocations=3 (full 0):
 garbage-first heap   total 524288K, used 45131K [0x0000000601000000, 0x0000000800000000)
  region size 2048K, 2 young (4096K), 2 survivors (4096K)
 Metaspace       used 20700K, capacity 21046K, committed 21296K, reserved 1069056K
  class space    used 2159K, capacity 2316K, committed 2432K, reserved 1048576K
}

