# JRE version: Java(TM) SE Runtime Environment (14.0.1+7) (build 14.0.1+7)
# Java VM: Java HotSpot(TM) 64-Bit Server VM (14.0.1+7, mixed mode, sharing, tiered, compressed oops, g1 gc, windows-amd64)
Heap:
 garbage-first heap   total 335872K, used 269588K [0x0000000601000000, 0x0000000800000000)
  region size 2048K, 51 young (104448K), 5 survivors (10240K)
 Metaspace       used 25014K, capacity 25349K, committed 25600K, reserved 1073152K
  class space    used 2347K, capacity 2490K, committed 2560K, reserved 1048576K
GC Heap History (20 events):
Event: 2126.450 GC heap before
{Heap before GC invocations=364 (full 0):
 garbage-first heap   total 335872K, used 265244K [0x0000000601000000, 0x0000000800000000)
  region size 2048K, 50 young (102400K), 4 survivors (8192K)
 Metaspace       used 25014K, capacity 25349K, committed 25600K, reserved 1073152K
  class space    used 2347K, capacity 2490K, committed 2560K, reserved 1048576K
}
Event: 2126.459 GC heap after
{Heap after GC invocations=365 (full 0):
 garbage-first heap   total 335872K, used 171404K [0x0000000601000000, 0x0000000800000000)
  region size 2048K, 4 young (8192K), 4 survivors (8192K)
 Metaspace       used 25014K, capacity 25349K, committed 25600K, reserved 1073152K
  class space    used 2347K, capacity 2490K, committed 2560K, reserved 1048576K
}
Event: 2191.087 GC heap before
{Heap before GC invocations=365 (full 0):
 garbage-first heap   total 335872K, used 290188K [0x0000000601000000, 0x0000000800000000)
  region size 2048K, 62 young (126976K), 4 survivors (8192K)
 Metaspace       used 25014K, capacity 25349K, committed 25600K, reserved 1073152K
  class space    used 2347K, capacity 2490K, committed 2560K, reserved 1048576K
}
Event: 2191.096 GC heap after
{Heap after GC invocations=366 (full 0):
 garbage-first heap   total 335872K, used 172620K [0x0000000601000000, 0x0000000800000000)
  region size 2048K, 5 young (10240K), 5 survivors (10240K)
 Metaspace       used 25014K, capacity 25349K, committed 25600K, reserved 1073152K
  class space    used 2347K, capacity 2490K, committed 2560K, reserved 1048576K
}
Event: 2258.469 GC heap before
{Heap before GC invocations=367 (full 0):
 garbage-first heap   total 335872K, used 287308K [0x0000000601000000, 0x0000000800000000)
  region size 2048K, 61 young (124928K), 5 survivors (10240K)
 Metaspace       used 25014K, capacity 25349K, committed 25600K, reserved 1073152K
  class space    used 2347K, capacity 2490K, committed 2560K, reserved 1048576K
}
Event: 2258.479 GC heap after
{Heap after GC invocations=368 (full 0):
 garbage-first heap   total 335872K, used 173160K [0x0000000601000000, 0x0000000800000000)
  region size 2048K, 5 young (10240K), 5 survivors (10240K)
 Metaspace       used 25014K, capacity 25349K, committed 25600K, reserved 1073152K
  class space    used 2347K, capacity 2490K, committed 2560K, reserved 1048576K
}
Event: 2315.851 GC heap before
{Heap before GC invocations=368 (full 0):
 garbage-first heap   total 335872K, used 287848K [0x0000000601000000, 0x0000000800000000)
  region size 2048K, 61 young (124928K), 5 survivors (10240K)
 Metaspace       used 25014K, capacity 25349K, committed 25600K, reserved 1073152K
  class space    used 2347K, capacity 2490K, committed 2560K, reserved 1048576K
}
Event: 2315.862 GC heap after
{Heap after GC invocations=369 (full 0):
 garbage-first heap   total 335872K, used 174092K [0x0000000601000000, 0x0000000800000000)
  region size 2048K, 5 young (10240K), 5 survivors (10240K)
 Metaspace       used 25014K, capacity 25349K, committed 25600K, reserved 1073152K
  class space    used 2347K, capacity 2490K, committed 2560K, reserved 1048576K
}
Event: 2368.504 GC heap before
{Heap before GC invocations=370 (full 0):
 garbage-first heap   total 335872K, used 286732K [0x0000000601000000, 0x0000000800000000)
  region size 2048K, 60 young (122880K), 5 survivors (10240K)
 Metaspace       used 25014K, capacity 25349K, committed 25600K, reserved 1073152K
  class space    used 2347K, capacity 2490K, committed 2560K, reserved 1048576K
}
Event: 2368.513 GC heap after
{Heap after GC invocations=371 (full 0):
 garbage-first heap   total 335872K, used 174362K [0x0000000601000000, 0x0000000800000000)
  region size 2048K, 5 young (10240K), 5 survivors (10240K)
 Metaspace       used 25014K, capacity 25349K, committed 25600K, reserved 1073152K
  class space    used 2347K, capacity 2490K, committed 2560K, reserved 1048576K
}
Event: 2419.360 GC heap before
{Heap before GC invocations=371 (full 0):
 garbage-first heap   total 335872K, used 287002K [0x0000000601000000, 0x0000000800000000)
  region size 2048K, 60 young (122880K), 5 survivors (10240K)
 Metaspace       used 25014K, capacity 25349K, committed 25600K, reserved 1073152K
  class space    used 2347K, capacity 2490K, committed 2560K, reserved 1048576K
}
Event: 2419.370 GC heap after
{Heap after GC invocations=372 (full 0):
 garbage-first heap   total 335872K, used 174903K [0x0000000601000000, 0x0000000800000000)
  region size 2048K, 5 young (10240K), 5 survivors (10240K)
 Metaspace       used 25014K, capacity 25349K, committed 25600K, reserved 1073152K
  class space    used 2347K, capacity 2490K, committed 2560K, reserved 1048576K
}
Event: 2469.835 GC heap before
{Heap before GC invocations=373 (full 0):
 garbage-first heap   total 335872K, used 287543K [0x0000000601000000, 0x0000000800000000)
  region size 2048K, 60 young (122880K), 5 survivors (10240K)
 Metaspace       used 25014K, capacity 25349K, committed 25600K, reserved 1073152K
  class space    used 2347K, capacity 2490K, committed 2560K, reserved 1048576K
}
Event: 2469.844 GC heap after
{Heap after GC invocations=374 (full 0):
 garbage-first heap   total 335872K, used 175742K [0x0000000601000000, 0x0000000800000000)
  region size 2048K, 5 young (10240K), 5 survivors (10240K)
 Metaspace       used 25014K, capacity 25349K, committed 25600K, reserved 1073152K
  class space    used 2347K, capacity 2490K, committed 2560K, reserved 1048576K
}
Event: 2520.169 GC heap before
{Heap before GC invocations=374 (full 0):
 garbage-first heap   total 335872K, used 286334K [0x0000000601000000, 0x0000000800000000)
  region size 2048K, 60 young (122880K), 5 survivors (10240K)
 Metaspace       used 25014K, capacity 25349K, committed 25600K, reserved 1073152K
  class space    used 2347K, capacity 2490K, committed 2560K, reserved 1048576K
}
Event: 2520.177 GC heap after
{Heap after GC invocations=375 (full 0):
 garbage-first heap   total 335872K, used 176173K [0x0000000601000000, 0x0000000800000000)
  region size 2048K, 5 young (10240K), 5 survivors (10240K)
 Metaspace       used 25014K, capacity 25349K, committed 25600K, reserved 1073152K
  class space    used 2347K, capacity 2490K, committed 2560K, reserved 1048576K
}
Event: 2564.829 GC heap before
{Heap before GC invocations=376 (full 0):
 garbage-first heap   total 335872K, used 286765K [0x0000000601000000, 0x0000000800000000)
  region size 2048K, 59 young (120832K), 5 survivors (10240K)
 Metaspace       used 25014K, capacity 25349K, committed 25600K, reserved 1073152K
  class space    used 2347K, capacity 2490K, committed 2560K, reserved 1048576K
}
Event: 2564.839 GC heap after
{Heap after GC invocations=377 (full 0):
 garbage-first heap   total 335872K, used 176792K [0x0000000601000000, 0x0000000800000000)
  region size 2048K, 5 young (10240K), 5 survivors (10240K)
 Metaspace       used 25014K, capacity 25349K, committed 25600K, reserved 1073152K
  class space    used 2347K, capacity 2490K, committed 2560K, reserved 1048576K
}
Event: 2612.624 GC heap before
{Heap before GC invocations=377 (full 0):
 garbage-first heap   total 335872K, used 287384K [0x0000000601000000, 0x0000000800000000)
  region size 2048K, 59 young (120832K), 5 survivors (10240K)
 Metaspace       used 25014K, capacity 25349K, committed 25600K, reserved 1073152K
  class space    used 2347K, capacity 2490K, committed 2560K, reserved 1048576K
}
Event: 2612.634 GC heap after
{Heap after GC invocations=378 (full 0):
 garbage-first heap   total 335872K, used 177428K [0x0000000601000000, 0x0000000800000000)
  region size 2048K, 5 young (10240K), 5 survivors (10240K)
 Metaspace       used 25014K, capacity 25349K, committed 25600K, reserved 1073152K
  class space    used 2347K, capacity 2490K, committed 2560K, reserved 1048576K
}

